This is LuaHBTeX, Version 1.12.0 (TeX Live 2020/Arch Linux)  (format=lualatex 2020.11.8)  3 MAY 2021 16:09
 restricted system commands enabled.
 file:line:error style messages enabled.
**/home/leonardo/CV/english/CV_english.tex
(/home/leonardo/CV/english/CV_english.tex
LaTeX2e <2020-02-02> patch level 5
Lua module: luaotfload-main 2020-05-06 3.14 luaotfload entry point
Lua module: luaotfload-init 2020-05-06 3.14 luaotfload submodule / initialization
Lua module: lualibs 2020-05-01 2.71 ConTeXt Lua standard libraries.
Lua module: lualibs-extended 2020-05-01 2.71 ConTeXt Lua libraries -- extended collection.
Lua module: luaotfload-log 2020-05-06 3.14 luaotfload submodule / logging
Lua module: luaotfload-parsers 2020-05-06 3.14 luaotfload submodule / filelist
Lua module: luaotfload-configuration 2020-05-06 3.14 luaotfload submodule / config file reader
luaotfload | conf : Root cache directory is "/home/leonardo/.texlive/texmf-var/luatex-cache/generic-dev/names".
luaotfload | init : Loading fontloader "fontloader-2020-05-06.lua" from kpse-resolved path "/usr/share/texmf-dist/tex/luatex/luaotfload/fontloader-2020-05-06.lua".
Lua-only attribute luaotfload@noligature = 1
Lua-only attribute luaotfload@syllabe = 2
luaotfload | init : Context OpenType loader version 0x1.8e353f7ced917p+1
Lua module: luaotfload-fallback 2020-05-06 3.14 luaotfload submodule / fallback
Lua module: luaotfload-multiscript 2020-05-06 3.14 luaotfload submodule / multiscript
Lua module: luaotfload-script 2020-05-06 3.14 luaotfload submodule / Script helpers
Inserting `luaotfload.node_processor' at position 1 in `pre_linebreak_filter'.
Inserting `luaotfload.node_processor' at position 1 in `hpack_filter'.
Lua module: luaotfload-loaders 2020-05-06 3.14 luaotfload submodule / callback handling
Inserting `luaotfload.define_font' at position 1 in `define_font'.
Lua module: luaotfload-database 2020-05-06 3.14 luaotfload submodule / database
Lua module: luaotfload-unicode 2020-05-06 3.14 luaotfload submodule / Unicode helpers
Lua module: luaotfload-colors 2020-05-06 3.14 luaotfload submodule / color
Lua-only attribute luaotfload_color_attribute = 3
Lua module: luaotfload-resolvers 2020-05-06 3.14 luaotfload submodule / resolvers
luaotfload | conf : Root cache directory is "/home/leonardo/.texlive/texmf-var/luatex-cache/generic-dev/names".
Lua module: luaotfload-features 2020-05-06 3.14 luaotfload submodule / features
Lua module: luaotfload-harf-define 2020-05-06 3.14 luaotfload submodule / database
Inserting `luaotfload.harf.strip_prefix' at position 1 in `find_opentype_file'.
Inserting `luaotfload.harf.strip_prefix' at position 1 in `find_truetype_file'.
Lua module: luaotfload-harf-plug 2020-05-06 3.14 luaotfload submodule / database
Inserting `Harf pre_output_filter callback' at position 1 in `pre_output_filter'.
Inserting `Harf wrapup_run callback' at position 1 in `wrapup_run'.
Inserting `Harf finish_pdffile callback' at position 1 in `finish_pdffile'.
Inserting `Harf glyph_info callback' at position 1 in `glyph_info'.
Lua module: luaotfload-letterspace 2020-05-06 3.14 luaotfload submodule / color
Lua module: luaotfload-embolden 2020-05-06 3.14 luaotfload submodule / color
Lua module: luaotfload-notdef 2020-05-06 3.14 luaotfload submodule / color
Lua module: luaotfload-suppress 2020-05-06 3.14 luaotfload submodule / suppress
Lua module: luaotfload-szss 2020-05-06 3.14 luaotfload submodule / color
Lua module: luaotfload-auxiliary 2020-05-06 3.14 luaotfload submodule / auxiliary functions
Inserting `luaotfload.aux.set_sscale_dimens' at position 1 in `luaotfload.patch_font'.
Inserting `luaotfload.aux.set_font_index' at position 2 in `luaotfload.patch_font'.
Inserting `luaotfload.aux.patch_cambria_domh' at position 3 in `luaotfload.patch_font'.
Inserting `luaotfload.aux.fixup_fontdata' at position 1 in `luaotfload.patch_font_unsafe'.
Inserting `luaotfload.aux.set_capheight' at position 4 in `luaotfload.patch_font'.
Inserting `luaotfload.aux.set_xheight' at position 5 in `luaotfload.patch_font'.
Lua module: luaotfload-tounicode 2020-05-06 3.14 luaotfload submodule / tounicode
Inserting `luaotfload.rewrite_fontname' at position 6 in `luaotfload.patch_font'. L3 programming layer <2020-06-03> (/usr/share/texmf-dist/tex/latex/base/article.cls
Document Class: article 2019/12/20 v1.4l Standard LaTeX document class
(/usr/share/texmf-dist/tex/latex/base/size10.clo
File: size10.clo 2019/12/20 v1.4l Standard LaTeX file (size option)
luaotfload | db : Font names database loaded from /home/leonardo/.texlive/texmf-var/luatex-cache/generic-dev/names/luaotfload-names.luc)
\c@part=\count163
\c@section=\count164
\c@subsection=\count165
\c@subsubsection=\count166
\c@paragraph=\count167
\c@subparagraph=\count168
\c@figure=\count169
\c@table=\count170
\abovecaptionskip=\skip47
\belowcaptionskip=\skip48
\bibindent=\dimen134
) (/usr/share/texmf-dist/tex/generic/babel/babel.sty
Package: babel 2020/05/13 3.44 The Babel package
 (/usr/share/texmf-dist/tex/generic/babel/babel.def
File: babel.def 2020/05/13 3.44 Babel common definitions
 (/usr/share/texmf-dist/tex/generic/babel/luababel.def
\bbl@readstream=\read2
\l@dumylang=\language2
Package babel Info: Non-standard hyphenation setup on input line 117.
\l@nohyphenation=\language3
\l@german-x-2019-04-04=\language4
\l@ngerman-x-2019-04-04=\language5
\l@afrikaans=\language6
\l@ancientgreek=\language7
\l@ibycus=\language8
\l@arabic=\language9
\l@armenian=\language10
\l@basque=\language11
\l@belarusian=\language12
\l@bulgarian=\language13
\l@catalan=\language14
\l@pinyin=\language15
\l@churchslavonic=\language16
\l@coptic=\language17
\l@croatian=\language18
\l@czech=\language19
\l@danish=\language20
\l@dutch=\language21
\l@ukenglish=\language22
\l@usenglishmax=\language23
\l@esperanto=\language24
\l@estonian=\language25
\l@ethiopic=\language26
\l@farsi=\language27
\l@finnish=\language28
\l@french=\language29
\l@friulan=\language30
\l@galician=\language31
\l@georgian=\language32
\l@german=\language33
\l@ngerman=\language34
\l@swissgerman=\language35
\l@greek=\language36
\l@monogreek=\language37
\l@hungarian=\language38
\l@icelandic=\language39
\l@assamese=\language40
\l@bengali=\language41
\l@gujarati=\language42
\l@hindi=\language43
\l@kannada=\language44
\l@malayalam=\language45
\l@marathi=\language46
\l@oriya=\language47
\l@pali=\language48
\l@panjabi=\language49
\l@tamil=\language50
\l@telugu=\language51
\l@indonesian=\language52
\l@interlingua=\language53
\l@irish=\language54
\l@italian=\language55
\l@kurmanji=\language56
\l@classiclatin=\language57
\l@latin=\language58
\l@liturgicallatin=\language59
\l@latvian=\language60
\l@lithuanian=\language61
\l@macedonian=\language62
\l@mongolian=\language63
\l@mongolianlmc=\language64
\l@bokmal=\language65
\l@nynorsk=\language66
\l@occitan=\language67
\l@piedmontese=\language68
\l@polish=\language69
\l@portuguese=\language70
\l@romanian=\language71
\l@romansh=\language72
\l@russian=\language73
\l@sanskrit=\language74
\l@serbian=\language75
\l@serbianc=\language76
\l@slovak=\language77
\l@slovenian=\language78
\l@spanish=\language79
\l@swedish=\language80
\l@thai=\language81
\l@turkish=\language82
\l@turkmen=\language83
\l@ukrainian=\language84
\l@uppersorbian=\language85
\l@welsh=\language86
\babelcatcodetablenum=\catcodetable5
\bbl@pattcodes=\catcodetable6
)
\babel@savecnt=\count171
\U@D=\dimen135
\l@babelnohyphens=\language87
 (/usr/share/texmf-dist/tex/generic/babel/luababel.def
\bbl@attr@locale=\attribute4
)) (/usr/share/texmf-dist/tex/generic/babel-english/british.ldf
Language: british 2017/06/06 v3.3r English support from the babel system
 (/usr/share/texmf-dist/tex/generic/babel-english/english.ldf
Language: english 2017/06/06 v3.3r English support from the babel system
Package babel Info: \l@canadian = using hyphenrules for english
(babel)             (\language0) on input line 102.
Package babel Info: \l@australian = using hyphenrules for ukenglish
(babel)             (\language22) on input line 105.
Package babel Info: \l@newzealand = using hyphenrules for ukenglish
(babel)             (\language22) on input line 108.
 (/usr/share/texmf-dist/tex/generic/hyph-utf8/loadhyph/loadhyph-en-gb.tex ASCII Hyphenation patterns for British English (/usr/share/texmf-dist/tex/generic/hyph-utf8/patterns/tex/hyph-en-gb.tex))))) (/usr/share/texmf-dist/tex/latex/tools/calc.sty
Package: calc 2017/05/25 v4.3 Infix arithmetic (KKT,FJ)
\calc@Acount=\count172
\calc@Bcount=\count173
\calc@Adimen=\dimen136
\calc@Bdimen=\dimen137
\calc@Askip=\skip49
\calc@Bskip=\skip50
LaTeX Info: Redefining \setlength on input line 80.
LaTeX Info: Redefining \addtolength on input line 81.
\calc@Ccount=\count174
\calc@Cskip=\skip51
) (/usr/share/texmf-dist/tex/latex/enumitem/enumitem.sty
Package: enumitem 2019/06/20 v3.9 Customized lists
\enitkv@toks@=\toks15
\labelindent=\skip52
\enit@outerparindent=\dimen138
\enit@toks=\toks16
\enit@inbox=\box45
\enit@count@id=\count175
\enitdp@description=\count176
) (/usr/share/texmf-dist/tex/latex/fancyhdr/fancyhdr.sty
Package: fancyhdr 2019/01/31 v3.10 Extensive control of page headers and footers
\f@nch@headwidth=\skip53
\f@nch@O@elh=\skip54
\f@nch@O@erh=\skip55
\f@nch@O@olh=\skip56
\f@nch@O@orh=\skip57
\f@nch@O@elf=\skip58
\f@nch@O@erf=\skip59
\f@nch@O@olf=\skip60
\f@nch@O@orf=\skip61
) (/usr/share/texmf-dist/tex/latex/fontspec/fontspec.sty (/usr/share/texmf-dist/tex/latex/l3packages/xparse/xparse.sty (/usr/share/texmf-dist/tex/latex/l3kernel/expl3.sty
Package: expl3 2020-06-03 L3 programming layer (loader) 
 (/usr/share/texmf-dist/tex/latex/l3backend/l3backend-pdfmode.def
File: l3backend-pdfmode.def 2020-06-03 L3 backend support: PDF mode
\l__kernel_color_stack_int=\count177
\l__pdf_internal_box=\box46
))
Package: xparse 2020-05-15 L3 Experimental document command parser
 (/usr/share/texmf-dist/tex/latex/l3packages/xparse/xparse-generic.tex
\l__xparse_current_arg_int=\count178
\g__xparse_grabber_int=\count179
\l__xparse_m_args_int=\count180
\l__xparse_v_nesting_int=\count181
))
Package: fontspec 2020/02/21 v2.7i Font selection for XeLaTeX and LuaLaTeX
Lua module: fontspec 2020/02/21 2.7i Font selection for XeLaTeX and LuaLaTeX (/usr/share/texmf-dist/tex/latex/fontspec/fontspec-luatex.sty
Package: fontspec-luatex 2020/02/21 v2.7i Font selection for XeLaTeX and LuaLaTeX
\l__fontspec_script_int=\count182
\l__fontspec_language_int=\count183
\l__fontspec_strnum_int=\count184
\l__fontspec_tmp_int=\count185
\l__fontspec_tmpa_int=\count186
\l__fontspec_tmpb_int=\count187
\l__fontspec_tmpc_int=\count188
\l__fontspec_em_int=\count189
\l__fontspec_emdef_int=\count190
\l__fontspec_strong_int=\count191
\l__fontspec_strongdef_int=\count192
\l__fontspec_tmpa_dim=\dimen139
\l__fontspec_tmpb_dim=\dimen140
\l__fontspec_tmpc_dim=\dimen141
 (/usr/share/texmf-dist/tex/latex/base/fontenc.sty
Package: fontenc 2020/02/11 v2.0o Standard LaTeX package
) (/usr/share/texmf-dist/tex/latex/fontspec/fontspec.cfg))) (/usr/share/texmf-dist/tex/latex/geometry/geometry.sty
Package: geometry 2020/01/02 v5.9 Page Geometry
 (/usr/share/texmf-dist/tex/latex/graphics/keyval.sty
Package: keyval 2014/10/28 v1.15 key=value parser (DPC)
\KV@toks@=\toks17
) (/usr/share/texmf-dist/tex/generic/iftex/ifvtex.sty
Package: ifvtex 2019/10/25 v1.7 ifvtex legacy package. Use iftex instead.
 (/usr/share/texmf-dist/tex/generic/iftex/iftex.sty
Package: iftex 2020/03/06 v1.0d TeX engine tests
))
\Gm@cnth=\count193
\Gm@cntv=\count194
\c@Gm@tempcnt=\count195
\Gm@bindingoffset=\dimen142
\Gm@wd@mp=\dimen143
\Gm@odd@mp=\dimen144
\Gm@even@mp=\dimen145
\Gm@layoutwidth=\dimen146
\Gm@layoutheight=\dimen147
\Gm@layouthoffset=\dimen148
\Gm@layoutvoffset=\dimen149
\Gm@dimlist=\toks18
) (/usr/share/texmf-dist/tex/latex/graphics/graphicx.sty
Package: graphicx 2019/11/30 v1.2a Enhanced LaTeX Graphics (DPC,SPQR)
 (/usr/share/texmf-dist/tex/latex/graphics/graphics.sty
Package: graphics 2019/11/30 v1.4a Standard LaTeX Graphics (DPC,SPQR)
 (/usr/share/texmf-dist/tex/latex/graphics/trig.sty
Package: trig 2016/01/03 v1.10 sin cos tan (DPC)
) (/usr/share/texmf-dist/tex/latex/graphics-cfg/graphics.cfg
File: graphics.cfg 2016/06/04 v1.11 sample graphics configuration
)
Package graphics Info: Driver file: luatex.def on input line 105.
 (/usr/share/texmf-dist/tex/latex/graphics-def/luatex.def
File: luatex.def 2018/01/08 v1.0l Graphics/color driver for luatex
))
\Gin@req@height=\dimen150
\Gin@req@width=\dimen151
) (/usr/share/texmf-dist/tex/latex/microtype/microtype.sty
Package: microtype 2019/11/18 v2.7d Micro-typographical refinements (RS)
\MT@toks=\toks19
\MT@count=\count196
LaTeX Info: Redefining \textls on input line 790.
\MT@outer@kern=\dimen152
LaTeX Info: Redefining \textmicrotypecontext on input line 1354.
\MT@listname@count=\count197
 (/usr/share/texmf-dist/tex/latex/microtype/microtype-luatex.def
File: microtype-luatex.def 2019/11/18 v2.7d Definitions specific to luatex (RS)
Module microtype Info: overwriting function `keepligature' on input line 59
LaTeX Info: Redefining \lsstyle on input line 695.
LaTeX Info: Redefining \lslig on input line 695.
\MT@outer@space=\skip62
)
Package microtype Info: Loading configuration file microtype.cfg.
 (/usr/share/texmf-dist/tex/latex/microtype/microtype.cfg
File: microtype.cfg 2019/11/18 v2.7d microtype main configuration file (RS)
)) (/usr/share/texmf-dist/tex/latex/xcolor/xcolor.sty
Package: xcolor 2016/05/11 v2.12 LaTeX color extensions (UK)
 (/usr/share/texmf-dist/tex/latex/graphics-cfg/color.cfg
File: color.cfg 2016/01/02 v1.6 sample color configuration
)
Package xcolor Info: Driver file: luatex.def on input line 225.
Package xcolor Info: Model `cmy' substituted by `cmy0' on input line 1348.
Package xcolor Info: Model `hsb' substituted by `rgb' on input line 1352.
Package xcolor Info: Model `RGB' extended on input line 1364.
Package xcolor Info: Model `HTML' substituted by `rgb' on input line 1366.
Package xcolor Info: Model `Hsb' substituted by `hsb' on input line 1367.
Package xcolor Info: Model `tHsb' substituted by `hsb' on input line 1368.
Package xcolor Info: Model `HSB' substituted by `hsb' on input line 1369.
Package xcolor Info: Model `Gray' substituted by `gray' on input line 1370.
Package xcolor Info: Model `wave' substituted by `hsb' on input line 1371.
) (/usr/share/texmf-dist/tex/latex/hyperref/hyperref.sty
Package: hyperref 2020-05-15 v7.00e Hypertext links for LaTeX
 (/usr/share/texmf-dist/tex/generic/ltxcmds/ltxcmds.sty
Package: ltxcmds 2019/12/15 v1.24 LaTeX kernel commands for general use (HO)
) (/usr/share/texmf-dist/tex/latex/pdftexcmds/pdftexcmds.sty
Package: pdftexcmds 2020-06-04 v0.32 Utility functions of pdfTeX for LuaTeX (HO)
 (/usr/share/texmf-dist/tex/generic/infwarerr/infwarerr.sty
Package: infwarerr 2019/12/03 v1.5 Providing info/warning/error messages (HO)
)
Package pdftexcmds Info: \pdf@primitive is available.
Package pdftexcmds Info: \pdf@ifprimitive is available.
Package pdftexcmds Info: \pdfdraftmode found.
\pdftexcmds@toks=\toks20
) (/usr/share/texmf-dist/tex/generic/kvsetkeys/kvsetkeys.sty
Package: kvsetkeys 2019/12/15 v1.18 Key value parser (HO)
) (/usr/share/texmf-dist/tex/generic/kvdefinekeys/kvdefinekeys.sty
Package: kvdefinekeys 2019-12-19 v1.6 Define keys (HO)
) (/usr/share/texmf-dist/tex/generic/pdfescape/pdfescape.sty
Package: pdfescape 2019/12/09 v1.15 Implements pdfTeX's escape features (HO)
) (/usr/share/texmf-dist/tex/latex/hycolor/hycolor.sty
Package: hycolor 2020-01-27 v1.10 Color options for hyperref/bookmark (HO)
) (/usr/share/texmf-dist/tex/latex/letltxmacro/letltxmacro.sty
Package: letltxmacro 2019/12/03 v1.6 Let assignment for LaTeX macros (HO)
) (/usr/share/texmf-dist/tex/latex/auxhook/auxhook.sty
Package: auxhook 2019-12-17 v1.6 Hooks for auxiliary files (HO)
) (/usr/share/texmf-dist/tex/latex/kvoptions/kvoptions.sty
Package: kvoptions 2019/11/29 v3.13 Key value format for package options (HO)
)
\@linkdim=\dimen153
\Hy@linkcounter=\count198
\Hy@pagecounter=\count199
 (/usr/share/texmf-dist/tex/latex/hyperref/pd1enc.def
File: pd1enc.def 2020-05-15 v7.00e Hyperref: PDFDocEncoding definition (HO)
) (/usr/share/texmf-dist/tex/generic/intcalc/intcalc.sty
Package: intcalc 2019/12/15 v1.3 Expandable calculations with integers (HO)
) (/usr/share/texmf-dist/tex/generic/etexcmds/etexcmds.sty
Package: etexcmds 2019/12/15 v1.7 Avoid name clashes with e-TeX commands (HO)
)
\Hy@SavedSpaceFactor=\count266
Package hyperref Info: Hyper figures OFF on input line 4464.
Package hyperref Info: Link nesting OFF on input line 4469.
Package hyperref Info: Hyper index ON on input line 4472.
Package hyperref Info: Plain pages OFF on input line 4479.
Package hyperref Info: Backreferencing OFF on input line 4484.
Package hyperref Info: Implicit mode ON; LaTeX internals redefined.
Package hyperref Info: Bookmarks ON on input line 4717.
\c@Hy@tempcnt=\count267
 (/usr/share/texmf-dist/tex/latex/url/url.sty
\Urlmuskip=\muskip16
Package: url 2013/09/16  ver 3.4  Verb mode for urls, etc.
)
LaTeX Info: Redefining \url on input line 5076.
\XeTeXLinkMargin=\dimen154
 (/usr/share/texmf-dist/tex/generic/bitset/bitset.sty
Package: bitset 2019/12/09 v1.3 Handle bit-vector datatype (HO)
 (/usr/share/texmf-dist/tex/generic/bigintcalc/bigintcalc.sty
Package: bigintcalc 2019/12/15 v1.5 Expandable calculations on big integers (HO)
))
\Fld@menulength=\count268
\Field@Width=\dimen155
\Fld@charsize=\dimen156
Package hyperref Info: Hyper figures OFF on input line 6347.
Package hyperref Info: Link nesting OFF on input line 6352.
Package hyperref Info: Hyper index ON on input line 6355.
Package hyperref Info: backreferencing OFF on input line 6362.
Package hyperref Info: Link coloring OFF on input line 6367.
Package hyperref Info: Link coloring with OCG OFF on input line 6372.
Package hyperref Info: PDF/A mode OFF on input line 6377.
LaTeX Info: Redefining \ref on input line 6417.
LaTeX Info: Redefining \pageref on input line 6421.
 (/usr/share/texmf-dist/tex/generic/atbegshi/atbegshi.sty
Package: atbegshi 2019/12/05 v1.19 At begin shipout hook (HO)
)
\Hy@abspage=\count269
\c@Item=\count270
\c@Hfootnote=\count271
)
Package hyperref Info: Driver (autodetected): hluatex.
 (/usr/share/texmf-dist/tex/latex/hyperref/hluatex.def
File: hluatex.def 2020-05-15 v7.00e Hyperref driver for luaTeX
 (/usr/share/texmf-dist/tex/latex/hyperref/puenc.def
File: puenc.def 2020-05-15 v7.00e Hyperref: PDF Unicode definition (HO)
) (/usr/share/texmf-dist/tex/generic/stringenc/stringenc.sty
Package: stringenc 2019/11/29 v1.12 Convert strings between diff. encodings (HO)
) (/usr/share/texmf-dist/tex/latex/atveryend/atveryend.sty
Package: atveryend 2019-12-11 v1.11 Hooks at the very end of document (HO)
Package atveryend Info: \enddocument detected (standard20110627).
)
\Fld@listcount=\count272
\c@bookmark@seq@number=\count273
 (/usr/share/texmf-dist/tex/latex/rerunfilecheck/rerunfilecheck.sty
Package: rerunfilecheck 2019/12/05 v1.9 Rerun checks for auxiliary files (HO)
 (/usr/share/texmf-dist/tex/generic/uniquecounter/uniquecounter.sty
Package: uniquecounter 2019/12/15 v1.4 Provide unlimited unique counter (HO)
)
Package uniquecounter Info: New unique counter `rerunfilecheck' on input line 286.
)
\Hy@SectionHShift=\skip63
)
*geometry* verbose mode - [ newgeometry ] result:
* driver: 
* paper: a4paper
* layout: <same size as paper>
* layoutoffset:(h,v)=(0.0pt,0.0pt)
* modes: 
* h-part:(L,W,R)=(42.67912pt, 512.14963pt, 42.67912pt)
* v-part:(T,H,B)=(42.67912pt, 759.6886pt, 42.67912pt)
* \paperwidth=597.50787pt
* \paperheight=845.04684pt
* \textwidth=512.14963pt
* \textheight=759.6886pt
* \oddsidemargin=-29.59087pt
* \evensidemargin=-29.59087pt
* \topmargin=-66.59087pt
* \headheight=12.0pt
* \headsep=25.0pt
* \topskip=10.0pt
* \footskip=30.0pt
* \marginparwidth=57.0pt
* \marginparsep=11.0pt
* \columnsep=10.0pt
* \skip\footins=9.0pt plus 4.0pt minus 2.0pt
* \hoffset=0.0pt
* \voffset=0.0pt
* \mag=1000
* \@twocolumnfalse
* \@twosidefalse
* \@mparswitchfalse
* \@reversemarginfalse
* (1in=72.27pt=25.4mm, 1cm=28.453pt)

\cvcolumngapwidth=\skip64
\cvleftcolumnwidth=\skip65
\cvrightcolumnwidth=\skip66
luaotfload | cache : Lookup cache loaded from /home/leonardo/.texlive/texmf-var/luatex-cache/generic-dev/names/luaotfload-lookup-cache.luc.

Package fontspec Info: Could not resolve font "RobotoMedium/BI" (it probably
(fontspec)             doesn't exist).


Package fontspec Info: Could not resolve font "RobotoMedium/B" (it probably
(fontspec)             doesn't exist).


Package fontspec Info: Could not resolve font "RobotoMedium/I" (it probably
(fontspec)             doesn't exist).


Package fontspec Info: Font family 'RobotoMedium(0)' created for font 'Roboto
(fontspec)             Medium' with options [Ligatures=TeX].
(fontspec)              
(fontspec)              This font family consists of the following NFSS
(fontspec)             series/shapes:
(fontspec)              
(fontspec)             - 'normal' (m/n) with NFSS spec.:
(fontspec)             <->"RobotoMedium:mode=node;script=latn;language=dflt;+tlig;"
(fontspec)             - 'small caps'  (m/sc) with NFSS spec.:
(fontspec)             <->"RobotoMedium:mode=node;script=latn;language=dflt;+tlig;+smcp;"


Package fontspec Info: Could not resolve font "RobotoRegular/BI" (it probably
(fontspec)             doesn't exist).


Package fontspec Info: Could not resolve font "RobotoRegular/B" (it probably
(fontspec)             doesn't exist).


Package fontspec Info: Could not resolve font "RobotoRegular/I" (it probably
(fontspec)             doesn't exist).


Package fontspec Info: Font family 'RobotoRegular(0)' created for font 'Roboto
(fontspec)             Regular' with options [Ligatures=TeX].
(fontspec)              
(fontspec)              This font family consists of the following NFSS
(fontspec)             series/shapes:
(fontspec)              
(fontspec)             - 'normal' (m/n) with NFSS spec.:
(fontspec)             <->"RobotoRegular:mode=node;script=latn;language=dflt;+tlig;"
(fontspec)             - 'small caps'  (m/sc) with NFSS spec.:
(fontspec)             <->"RobotoRegular:mode=node;script=latn;language=dflt;+tlig;+smcp;"


Package fontspec Info: Could not resolve font "RobotoLightItalic/BI" (it
(fontspec)             probably doesn't exist).


Package fontspec Info: Could not resolve font "RobotoLightItalic/B" (it
(fontspec)             probably doesn't exist).


Package fontspec Info: Could not resolve font "RobotoLightItalic/I" (it
(fontspec)             probably doesn't exist).


Package fontspec Info: Font family 'RobotoLightItalic(0)' created for font
(fontspec)             'Roboto Light Italic' with options [Ligatures=TeX].
(fontspec)              
(fontspec)              This font family consists of the following NFSS
(fontspec)             series/shapes:
(fontspec)              
(fontspec)             - 'normal' (m/n) with NFSS spec.:
(fontspec)             <->"RobotoLightItalic:mode=node;script=latn;language=dflt;+tlig;"
(fontspec)             - 'small caps'  (m/sc) with NFSS spec.:
(fontspec)             <->"RobotoLightItalic:mode=node;script=latn;language=dflt;+tlig;+smcp;"


Package fontspec Info: Could not resolve font "RobotoLight/BI" (it probably
(fontspec)             doesn't exist).


Package fontspec Info: Could not resolve font "RobotoLight/B" (it probably
(fontspec)             doesn't exist).


Package fontspec Info: Could not resolve font "RobotoLight/I" (it probably
(fontspec)             doesn't exist).


Package fontspec Info: Font family 'RobotoLight(0)' created for font 'Roboto
(fontspec)             Light' with options [Ligatures=TeX,Ligatures=TeX].
(fontspec)              
(fontspec)              This font family consists of the following NFSS
(fontspec)             series/shapes:
(fontspec)              
(fontspec)             - 'normal' (m/n) with NFSS spec.:
(fontspec)             <->"RobotoLight:mode=node;script=latn;language=dflt;+tlig;"
(fontspec)             - 'small caps'  (m/sc) with NFSS spec.:
(fontspec)             <->"RobotoLight:mode=node;script=latn;language=dflt;+tlig;+smcp;"

\cvafteritemskipamount=\skip67
\cvaftersectionskipamount=\skip68
\cvbetweensectionandheadingextraskipamount=\skip69
\cvafternameskipamount=\skip70
\cvafterpersonalinfolineskipamount=\skip71
\cvaftertitleskipamount=\skip72
\cvparskip=\skip73
 (/home/leonardo/CV/english/CV_english.aux)
\openout1 = CV_english.aux

LaTeX Font Info:    Checking defaults for OML/cmm/m/it on input line 233.
LaTeX Font Info:    ... okay on input line 233.
LaTeX Font Info:    Checking defaults for OMS/cmsy/m/n on input line 233.
LaTeX Font Info:    ... okay on input line 233.
LaTeX Font Info:    Checking defaults for OT1/cmr/m/n on input line 233.
LaTeX Font Info:    ... okay on input line 233.
LaTeX Font Info:    Checking defaults for T1/cmr/m/n on input line 233.
LaTeX Font Info:    ... okay on input line 233.
LaTeX Font Info:    Checking defaults for TS1/cmr/m/n on input line 233.
LaTeX Font Info:    Trying to load font information for TS1+cmr on input line 233.
 (/usr/share/texmf-dist/tex/latex/base/ts1cmr.fd
File: ts1cmr.fd 2019/12/16 v2.5j Standard LaTeX font definitions
)
LaTeX Font Info:    ... okay on input line 233.
LaTeX Font Info:    Checking defaults for TU/lmr/m/n on input line 233.
LaTeX Font Info:    ... okay on input line 233.
LaTeX Font Info:    Checking defaults for OMX/cmex/m/n on input line 233.
LaTeX Font Info:    ... okay on input line 233.
LaTeX Font Info:    Checking defaults for U/cmr/m/n on input line 233.
LaTeX Font Info:    ... okay on input line 233.
LaTeX Font Info:    Checking defaults for PD1/pdf/m/n on input line 233.
LaTeX Font Info:    ... okay on input line 233.
LaTeX Font Info:    Checking defaults for PU/pdf/m/n on input line 233.
LaTeX Font Info:    ... okay on input line 233.

Package fontspec Info: Adjusting the maths setup (use [no-math] to avoid
(fontspec)             this).

\symlegacymaths=\mathgroup4
LaTeX Font Info:    Overwriting symbol font `legacymaths' in version `bold'
(Font)                  OT1/cmr/m/n --> OT1/cmr/bx/n on input line 233.
LaTeX Font Info:    Redeclaring math accent \acute on input line 233.
LaTeX Font Info:    Redeclaring math accent \grave on input line 233.
LaTeX Font Info:    Redeclaring math accent \ddot on input line 233.
LaTeX Font Info:    Redeclaring math accent \tilde on input line 233.
LaTeX Font Info:    Redeclaring math accent \bar on input line 233.
LaTeX Font Info:    Redeclaring math accent \breve on input line 233.
LaTeX Font Info:    Redeclaring math accent \check on input line 233.
LaTeX Font Info:    Redeclaring math accent \hat on input line 233.
LaTeX Font Info:    Redeclaring math accent \dot on input line 233.
LaTeX Font Info:    Redeclaring math accent \mathring on input line 233.
LaTeX Font Info:    Redeclaring math symbol \colon on input line 233.
LaTeX Font Info:    Redeclaring math symbol \Gamma on input line 233.
LaTeX Font Info:    Redeclaring math symbol \Delta on input line 233.
LaTeX Font Info:    Redeclaring math symbol \Theta on input line 233.
LaTeX Font Info:    Redeclaring math symbol \Lambda on input line 233.
LaTeX Font Info:    Redeclaring math symbol \Xi on input line 233.
LaTeX Font Info:    Redeclaring math symbol \Pi on input line 233.
LaTeX Font Info:    Redeclaring math symbol \Sigma on input line 233.
LaTeX Font Info:    Redeclaring math symbol \Upsilon on input line 233.
LaTeX Font Info:    Redeclaring math symbol \Phi on input line 233.
LaTeX Font Info:    Redeclaring math symbol \Psi on input line 233.
LaTeX Font Info:    Redeclaring math symbol \Omega on input line 233.
LaTeX Font Info:    Redeclaring math symbol \mathdollar on input line 233.
LaTeX Font Info:    Redeclaring symbol font `operators' on input line 233.
LaTeX Font Info:    Encoding `OT1' has changed to `TU' for symbol font
(Font)              `operators' in the math version `normal' on input line 233.
LaTeX Font Info:    Overwriting symbol font `operators' in version `normal'
(Font)                  OT1/cmr/m/n --> TU/RobotoLight(0)/m/n on input line 233.
LaTeX Font Info:    Encoding `OT1' has changed to `TU' for symbol font
(Font)              `operators' in the math version `bold' on input line 233.
LaTeX Font Info:    Overwriting symbol font `operators' in version `bold'
(Font)                  OT1/cmr/bx/n --> TU/RobotoLight(0)/m/n on input line 233.
LaTeX Font Info:    Overwriting symbol font `operators' in version `normal'
(Font)                  TU/RobotoLight(0)/m/n --> TU/RobotoLight(0)/m/n on input line 233.
LaTeX Font Info:    Overwriting math alphabet `\mathit' in version `normal'
(Font)                  OT1/cmr/m/it --> TU/RobotoLight(0)/m/it on input line 233.
LaTeX Font Info:    Overwriting math alphabet `\mathbf' in version `normal'
(Font)                  OT1/cmr/bx/n --> TU/RobotoLight(0)/b/n on input line 233.
LaTeX Font Info:    Overwriting math alphabet `\mathsf' in version `normal'
(Font)                  OT1/cmss/m/n --> TU/lmss/m/n on input line 233.
LaTeX Font Info:    Overwriting math alphabet `\mathtt' in version `normal'
(Font)                  OT1/cmtt/m/n --> TU/lmtt/m/n on input line 233.
LaTeX Font Info:    Overwriting symbol font `operators' in version `bold'
(Font)                  TU/RobotoLight(0)/m/n --> TU/RobotoLight(0)/b/n on input line 233.
LaTeX Font Info:    Overwriting math alphabet `\mathit' in version `bold'
(Font)                  OT1/cmr/bx/it --> TU/RobotoLight(0)/b/it on input line 233.
LaTeX Font Info:    Overwriting math alphabet `\mathsf' in version `bold'
(Font)                  OT1/cmss/bx/n --> TU/lmss/b/n on input line 233.
LaTeX Font Info:    Overwriting math alphabet `\mathtt' in version `bold'
(Font)                  OT1/cmtt/m/n --> TU/lmtt/b/n on input line 233.

*geometry* driver: auto-detecting
*geometry* detected driver: luatex
*geometry* verbose mode - [ preamble ] result:
* driver: luatex
* paper: a4paper
* layout: <same size as paper>
* layoutoffset:(h,v)=(0.0pt,0.0pt)
* modes: 
* h-part:(L,W,R)=(42.67912pt, 512.14963pt, 42.67912pt)
* v-part:(T,H,B)=(42.67912pt, 759.6886pt, 42.67912pt)
* \paperwidth=597.50787pt
* \paperheight=845.04684pt
* \textwidth=512.14963pt
* \textheight=759.6886pt
* \oddsidemargin=-29.59087pt
* \evensidemargin=-29.59087pt
* \topmargin=-66.59087pt
* \headheight=12.0pt
* \headsep=25.0pt
* \topskip=10.0pt
* \footskip=30.0pt
* \marginparwidth=57.0pt
* \marginparsep=11.0pt
* \columnsep=10.0pt
* \skip\footins=9.0pt plus 4.0pt minus 2.0pt
* \hoffset=0.0pt
* \voffset=0.0pt
* \mag=1000
* \@twocolumnfalse
* \@twosidefalse
* \@mparswitchfalse
* \@reversemarginfalse
* (1in=72.27pt=25.4mm, 1cm=28.453pt)

(/usr/share/texmf-dist/tex/context/base/mkii/supp-pdf.mkii
[Loading MPS to PDF converter (version 2006.09.02).]
\scratchcounter=\count274
\scratchdimen=\dimen157
\scratchbox=\box47
\nofMPsegments=\count275
\nofMParguments=\count276
\everyMPshowfont=\toks21
\MPscratchCnt=\count277
\MPscratchDim=\dimen158
\MPnumerator=\count278
\makeMPintoPDFobject=\count279
\everyMPtoPDFconversion=\toks22
) (/usr/share/texmf-dist/tex/latex/epstopdf-pkg/epstopdf-base.sty
Package: epstopdf-base 2020-01-24 v2.11 Base part for package epstopdf
Package epstopdf-base Info: Redefining graphics rule for `.eps' on input line 485.
 (/usr/share/texmf-dist/tex/latex/latexconfig/epstopdf-sys.cfg
File: epstopdf-sys.cfg 2010/07/13 v1.3 Configuration of (r)epstopdf for TeX Live
))
LaTeX Info: Redefining \microtypecontext on input line 233.
Package microtype Info: Generating PDF output.
Package microtype Info: Character protrusion enabled (level 2).
Package microtype Info: Using default protrusion set `alltext'.
Package microtype Info: Automatic font expansion enabled (level 2),
(microtype)             stretch: 20, shrink: 20, step: 1, non-selected.
Package microtype Info: Using default expansion set `basictext'.
LaTeX Info: Redefining \showhyphens on input line 233.
Package microtype Info: No adjustment of tracking.
Package microtype Info: No adjustment of spacing.
Package microtype Info: No adjustment of kerning.
Package microtype Info: Loading generic protrusion settings for font family
(microtype)             `RobotoLight' (encoding: TU).
(microtype)             For optimal results, create family-specific settings.
(microtype)             See the microtype manual for details.
\AtBeginShipoutBox=\box48
Package hyperref Info: Link coloring OFF on input line 233.
 (/usr/share/texmf-dist/tex/latex/hyperref/nameref.sty
Package: nameref 2019/09/16 v2.46 Cross-referencing by name of section
 (/usr/share/texmf-dist/tex/latex/refcount/refcount.sty
Package: refcount 2019/12/15 v3.6 Data extraction from label references (HO)
) (/usr/share/texmf-dist/tex/generic/gettitlestring/gettitlestring.sty
Package: gettitlestring 2019/12/15 v1.6 Cleanup title references (HO)
)
\c@section@level=\count280
)
LaTeX Info: Redefining \ref on input line 233.
LaTeX Info: Redefining \pageref on input line 233.
LaTeX Info: Redefining \nameref on input line 233.
 (/home/leonardo/CV/english/CV_english.out) (/home/leonardo/CV/english/CV_english.out)
\@outlinefile=\write3

\openout3 = CV_english.out
<leo.png, id=4, 1534.73375pt x 1955.305pt>
File: leo.png Graphic file (type png)
<use leo.png>
Package luatex.def Info: leo.png  used on input line 270.
(luatex.def)             Requested size: 96.0143pt x 122.34685pt.
Package microtype Info: Loading generic protrusion settings for font family
(microtype)             `RobotoMedium' (encoding: TU).
(microtype)             For optimal results, create family-specific settings.
(microtype)             See the microtype manual for details.
<072-location.pdf, id=5, 16.06pt x 16.06pt>
File: 072-location.pdf Graphic file (type pdf)
<use 072-location.pdf>
Package luatex.def Info: 072-location.pdf  used on input line 270.
(luatex.def)             Requested size: 11.38135pt x 11.38109pt.
<067-phone.pdf, id=6, 16.06pt x 16.06pt>
File: 067-phone.pdf Graphic file (type pdf)
<use 067-phone.pdf>
Package luatex.def Info: 067-phone.pdf  used on input line 270.
(luatex.def)             Requested size: 11.38135pt x 11.38109pt.
<070-envelop.pdf, id=7, 16.06pt x 16.06pt>
File: 070-envelop.pdf Graphic file (type pdf)
<use 070-envelop.pdf>
Package luatex.def Info: 070-envelop.pdf  used on input line 270.
(luatex.def)             Requested size: 11.38135pt x 11.38109pt.
<github.pdf, id=9, 301.08737pt x 294.062pt>
File: github.pdf Graphic file (type pdf)
<use github.pdf>
Package luatex.def Info: github.pdf  used on input line 270.
(luatex.def)             Requested size: 11.65092pt x 11.38109pt.
Package microtype Info: Loading generic protrusion settings for font family
(microtype)             `RobotoLightItalic' (encoding: TU).
(microtype)             For optimal results, create family-specific settings.
(microtype)             See the microtype manual for details.
Package microtype Info: Loading generic protrusion settings for font family
(microtype)             `RobotoRegular' (encoding: TU).
(microtype)             For optimal results, create family-specific settings.
(microtype)             See the microtype manual for details.
LaTeX Font Info:    External font `cmex10' loaded for size
(Font)              <7> on input line 372.
LaTeX Font Info:    External font `cmex10' loaded for size
(Font)              <5> on input line 372.
 (/usr/share/texmf-dist/tex/latex/microtype/mt-cmr.cfg
File: mt-cmr.cfg 2013/05/19 v2.2 microtype config. file: Computer Modern Roman (RS)
)
Package atveryend Info: Empty hook `BeforeClearDocument' on input line 412.
 [1


{/var/lib/texmf/fonts/map/pdftex/updmap/pdftex.map}</home/leonardo/CV/english/leo.png></home/leonardo/CV/english/072-location.pdf></home/leonardo/CV/english/067-phone.pdf></home/leonardo/CV/english/070-envelop.pdf></home/leonardo/CV/english/github.pdf>]
Package atveryend Info: Empty hook `AfterLastShipout' on input line 412.
 (/home/leonardo/CV/english/CV_english.aux)
Package atveryend Info: Executing hook `AtVeryEndDocument' on input line 412.
Package atveryend Info: Executing hook `AtEndAfterFileList' on input line 412.
Package rerunfilecheck Info: File `CV_english.out' has not changed.
(rerunfilecheck)             Checksum: D41D8CD98F00B204E9800998ECF8427E;0.
Package atveryend Info: Empty hook `AtVeryVeryEnd' on input line 412.
)

Here is how much of LuaTeX's memory you used:
 15268 strings out of 480885
 100000,794899 words of node,token memory allocated
 514 words of node memory still in use:
   4 hlist, 1 vlist, 1 rule, 5 glue, 3 kern, 1 glyph, 7 attribute, 62 glue_spec, 5 attribute_list, 1 write nodes
   avail lists: 2:903,3:130,4:76,5:109,6:65,7:1638,8:6,9:245,10:5,11:105
 32437 multiletter control sequences out of 65536+600000
 64 fonts using 9639379 bytes
 46i,7n,81p,305b,346s stack positions out of 5000i,500n,10000p,200000b,100000s
</usr/share/texmf-dist/fonts/opentype/google/roboto/Roboto-Regular.otf></usr/share/texmf-dist/fonts/opentype/google/roboto/Roboto-LightItalic.otf></usr/share/texmf-dist/fonts/opentype/google/roboto/Roboto-Light.otf></usr/share/texmf-dist/fonts/opentype/google/roboto/Roboto-Medium.otf>
Output written on CV_english.pdf (1 page, 5629177 bytes).

PDF statistics: 93 PDF objects out of 1000 (max. 8388607)
 69 compressed objects within 1 object stream
 2 named destinations out of 1000 (max. 131072)
 1 words of extra memory for PDF output out of 10000 (max. 100000000)

